<?xml version="1.0" encoding="UTF-8"?>
<!-- Generated by org.testng.reporters.JUnitXMLReporter -->
<testsuite hostname="LAPTOP-69PURTCF" ignored="0" name="Guru99 eCommerce Test Cases" tests="2" failures="0" timestamp="23 Mar 2018 19:10:40 GMT" time="14.422" errors="0">
  <testcase name="homepageTitleTest" time="0.019" classname="com.Guru99.qa.tests.HomePageTest"/>
  <testcase name="mobileLinkTest" time="0.895" classname="com.Guru99.qa.tests.HomePageTest"/>
</testsuite> <!-- Guru99 eCommerce Test Cases -->
