<?xml version="1.0" encoding="UTF-8"?>
<!-- Generated by org.testng.reporters.JUnitXMLReporter -->
<testsuite hostname="LAPTOP-69PURTCF" name="Default test" tests="3" failures="0" timestamp="8 Feb 2018 00:13:12 GMT" time="25.574" errors="0">
  <testcase name="homepageTitleTest" time="0.01" classname="com.Guru99.qa.tests.HomePageTest"/>
  <testcase name="logoGuru99Test" time="0.052" classname="com.Guru99.qa.tests.HomePageTest"/>
  <testcase name="mobileLinkTest" time="0.786" classname="com.Guru99.qa.tests.HomePageTest"/>
</testsuite> <!-- Default test -->
