<?xml version="1.0" encoding="UTF-8"?>
<!-- Generated by org.testng.reporters.JUnitXMLReporter -->
<testsuite hostname="LAPTOP-69PURTCF" name="Default test" tests="3" failures="0" timestamp="9 Feb 2018 23:10:35 GMT" time="31.064" errors="0">
  <testcase name="homepageTitleTest" time="0.034" classname="com.Guru99.qa.tests.HomePageTest"/>
  <testcase name="logoGuru99Test" time="0.059" classname="com.Guru99.qa.tests.HomePageTest"/>
  <testcase name="mobileLinkTest" time="0.829" classname="com.Guru99.qa.tests.HomePageTest"/>
</testsuite> <!-- Default test -->
