<?xml version="1.0" encoding="UTF-8"?>
<!-- Generated by org.testng.reporters.JUnitXMLReporter -->
<testsuite hostname="LAPTOP-69PURTCF" name="Command line test" tests="4" failures="0" timestamp="8 Feb 2018 05:18:40 GMT" time="65.124" errors="0">
  <testcase name="verifyIphoneAddToCartTest" time="22.218" classname="com.Guru99.qa.tests.MobilePageTest"/>
  <testcase name="homepageTitleTest" time="0.007" classname="com.Guru99.qa.tests.HomePageTest"/>
  <testcase name="logoGuru99Test" time="0.03" classname="com.Guru99.qa.tests.HomePageTest"/>
  <testcase name="mobileLinkTest" time="1.002" classname="com.Guru99.qa.tests.HomePageTest"/>
</testsuite> <!-- Command line test -->
