<?xml version="1.0" encoding="UTF-8"?>
<!-- Generated by org.testng.reporters.JUnitXMLReporter -->
<testsuite hostname="LAPTOP-69PURTCF" name="Command line test" tests="4" failures="0" timestamp="9 Feb 2018 23:20:09 GMT" time="34.796" errors="0">
  <testcase name="verifyIphoneAddToCartTest" time="4.549" classname="com.Guru99.qa.tests.MobilePageTest"/>
  <testcase name="homepageTitleTest" time="0.02" classname="com.Guru99.qa.tests.HomePageTest"/>
  <testcase name="logoGuru99Test" time="0.066" classname="com.Guru99.qa.tests.HomePageTest"/>
  <testcase name="mobileLinkTest" time="0.792" classname="com.Guru99.qa.tests.HomePageTest"/>
</testsuite> <!-- Command line test -->
