<?xml version="1.0" encoding="UTF-8"?>
<!-- Generated by org.testng.reporters.JUnitXMLReporter -->
<testsuite hostname="LAPTOP-69PURTCF" ignored="0" name="Guru99 eCommerce Test Cases" tests="3" failures="0" timestamp="25 Feb 2018 04:37:59 GMT" time="27.199" errors="0">
  <testcase name="verifyIphoneAddToCartTest" time="4.349" classname="com.Guru99.qa.tests.MobilePageTest"/>
  <testcase name="homepageTitleTest" time="0.018" classname="com.Guru99.qa.tests.HomePageTest"/>
  <testcase name="mobileLinkTest" time="0.771" classname="com.Guru99.qa.tests.HomePageTest"/>
</testsuite> <!-- Guru99 eCommerce Test Cases -->
