<?xml version="1.0" encoding="UTF-8"?>
<!-- Generated by org.testng.reporters.JUnitXMLReporter -->
<testsuite hostname="LAPTOP-69PURTCF" ignored="0" name="Guru99 eCommerce Test Cases" tests="4" failures="0" timestamp="24 Feb 2018 01:10:37 GMT" time="34.908" errors="0">
  <testcase name="verifyIphoneAddToCartTest" time="4.811" classname="com.Guru99.qa.tests.MobilePageTest"/>
  <testcase name="homepageTitleTest" time="0.018" classname="com.Guru99.qa.tests.HomePageTest"/>
  <testcase name="logoGuru99Test" time="0.072" classname="com.Guru99.qa.tests.HomePageTest"/>
  <testcase name="mobileLinkTest" time="0.706" classname="com.Guru99.qa.tests.HomePageTest"/>
</testsuite> <!-- Guru99 eCommerce Test Cases -->
