<?xml version="1.0" encoding="UTF-8"?>
<testng-results skipped="0" failed="0" ignored="0" total="3" passed="3">
  <reporter-output>
  </reporter-output>
  <suite name="Command line suite" duration-ms="26497" started-at="2018-02-25T03:17:25Z" finished-at="2018-02-25T03:17:51Z">
    <groups>
    </groups>
    <test name="Command line test" duration-ms="26497" started-at="2018-02-25T03:17:25Z" finished-at="2018-02-25T03:17:51Z">
      <class name="com.Guru99.qa.tests.HomePageTest">
        <test-method status="PASS" signature="setUp()[pri:0, instance:com.Guru99.qa.tests.HomePageTest@54a097cc]" name="setUp" is-config="true" duration-ms="5175" started-at="2018-02-24T19:17:39Z" finished-at="2018-02-24T19:17:44Z">
          <reporter-output>
          </reporter-output>
        </test-method> <!-- setUp -->
        <test-method status="PASS" signature="homepageTitleTest()[pri:1, instance:com.Guru99.qa.tests.HomePageTest@54a097cc]" name="homepageTitleTest" duration-ms="35" started-at="2018-02-24T19:17:44Z" finished-at="2018-02-24T19:17:44Z">
          <reporter-output>
          </reporter-output>
        </test-method> <!-- homepageTitleTest -->
        <test-method status="PASS" signature="tearDown()[pri:0, instance:com.Guru99.qa.tests.HomePageTest@54a097cc]" name="tearDown" is-config="true" duration-ms="650" started-at="2018-02-24T19:17:44Z" finished-at="2018-02-24T19:17:45Z">
          <reporter-output>
          </reporter-output>
        </test-method> <!-- tearDown -->
        <test-method status="PASS" signature="setUp()[pri:0, instance:com.Guru99.qa.tests.HomePageTest@54a097cc]" name="setUp" is-config="true" duration-ms="5144" started-at="2018-02-24T19:17:45Z" finished-at="2018-02-24T19:17:50Z">
          <reporter-output>
          </reporter-output>
        </test-method> <!-- setUp -->
        <test-method status="PASS" signature="mobileLinkTest()[pri:3, instance:com.Guru99.qa.tests.HomePageTest@54a097cc]" name="mobileLinkTest" duration-ms="738" started-at="2018-02-24T19:17:50Z" finished-at="2018-02-24T19:17:50Z">
          <reporter-output>
          </reporter-output>
        </test-method> <!-- mobileLinkTest -->
        <test-method status="PASS" signature="tearDown()[pri:0, instance:com.Guru99.qa.tests.HomePageTest@54a097cc]" name="tearDown" is-config="true" duration-ms="661" started-at="2018-02-24T19:17:50Z" finished-at="2018-02-24T19:17:51Z">
          <reporter-output>
          </reporter-output>
        </test-method> <!-- tearDown -->
      </class> <!-- com.Guru99.qa.tests.HomePageTest -->
      <class name="com.Guru99.qa.tests.MobilePageTest">
        <test-method status="PASS" signature="setUp()[pri:0, instance:com.Guru99.qa.tests.MobilePageTest@36f6e879]" name="setUp" is-config="true" duration-ms="8843" started-at="2018-02-24T19:17:25Z" finished-at="2018-02-24T19:17:34Z">
          <reporter-output>
          </reporter-output>
        </test-method> <!-- setUp -->
        <test-method status="PASS" signature="verifyIphoneAddToCartTest()[pri:0, instance:com.Guru99.qa.tests.MobilePageTest@36f6e879]" name="verifyIphoneAddToCartTest" duration-ms="4557" started-at="2018-02-24T19:17:34Z" finished-at="2018-02-24T19:17:38Z">
          <reporter-output>
          </reporter-output>
        </test-method> <!-- verifyIphoneAddToCartTest -->
        <test-method status="PASS" signature="tearDown()[pri:0, instance:com.Guru99.qa.tests.MobilePageTest@36f6e879]" name="tearDown" is-config="true" duration-ms="656" started-at="2018-02-24T19:17:38Z" finished-at="2018-02-24T19:17:39Z">
          <reporter-output>
          </reporter-output>
        </test-method> <!-- tearDown -->
      </class> <!-- com.Guru99.qa.tests.MobilePageTest -->
    </test> <!-- Command line test -->
  </suite> <!-- Command line suite -->
</testng-results>
