<?xml version="1.0" encoding="UTF-8"?>
<testng-results skipped="0" failed="0" ignored="0" total="4" passed="4">
  <reporter-output>
  </reporter-output>
  <suite name="Guru99 eCommerce Application Test Automation Test Suite" duration-ms="34908" started-at="2018-02-24T01:10:02Z" finished-at="2018-02-24T01:10:37Z">
    <groups>
    </groups>
    <test name="Guru99 eCommerce Test Cases" duration-ms="34908" started-at="2018-02-24T01:10:02Z" finished-at="2018-02-24T01:10:37Z">
      <class name="com.Guru99.qa.tests.HomePageTest">
        <test-method status="PASS" signature="setUp()[pri:0, instance:com.Guru99.qa.tests.HomePageTest@31ef45e3]" name="setUp" is-config="true" duration-ms="5263" started-at="2018-02-23T17:10:18Z" finished-at="2018-02-23T17:10:23Z">
          <reporter-output>
          </reporter-output>
        </test-method> <!-- setUp -->
        <test-method status="PASS" signature="homepageTitleTest()[pri:1, instance:com.Guru99.qa.tests.HomePageTest@31ef45e3]" name="homepageTitleTest" duration-ms="18" started-at="2018-02-23T17:10:23Z" finished-at="2018-02-23T17:10:23Z">
          <reporter-output>
          </reporter-output>
        </test-method> <!-- homepageTitleTest -->
        <test-method status="PASS" signature="tearDown()[pri:0, instance:com.Guru99.qa.tests.HomePageTest@31ef45e3]" name="tearDown" is-config="true" duration-ms="597" started-at="2018-02-23T17:10:23Z" finished-at="2018-02-23T17:10:23Z">
          <reporter-output>
          </reporter-output>
        </test-method> <!-- tearDown -->
        <test-method status="PASS" signature="setUp()[pri:0, instance:com.Guru99.qa.tests.HomePageTest@31ef45e3]" name="setUp" is-config="true" duration-ms="5449" started-at="2018-02-23T17:10:23Z" finished-at="2018-02-23T17:10:29Z">
          <reporter-output>
          </reporter-output>
        </test-method> <!-- setUp -->
        <test-method status="PASS" signature="logoGuru99Test()[pri:2, instance:com.Guru99.qa.tests.HomePageTest@31ef45e3]" name="logoGuru99Test" duration-ms="72" started-at="2018-02-23T17:10:29Z" finished-at="2018-02-23T17:10:29Z">
          <reporter-output>
          </reporter-output>
        </test-method> <!-- logoGuru99Test -->
        <test-method status="PASS" signature="tearDown()[pri:0, instance:com.Guru99.qa.tests.HomePageTest@31ef45e3]" name="tearDown" is-config="true" duration-ms="639" started-at="2018-02-23T17:10:29Z" finished-at="2018-02-23T17:10:30Z">
          <reporter-output>
          </reporter-output>
        </test-method> <!-- tearDown -->
        <test-method status="PASS" signature="setUp()[pri:0, instance:com.Guru99.qa.tests.HomePageTest@31ef45e3]" name="setUp" is-config="true" duration-ms="6163" started-at="2018-02-23T17:10:30Z" finished-at="2018-02-23T17:10:36Z">
          <reporter-output>
          </reporter-output>
        </test-method> <!-- setUp -->
        <test-method status="PASS" signature="mobileLinkTest()[pri:3, instance:com.Guru99.qa.tests.HomePageTest@31ef45e3]" name="mobileLinkTest" duration-ms="706" started-at="2018-02-23T17:10:36Z" finished-at="2018-02-23T17:10:37Z">
          <reporter-output>
          </reporter-output>
        </test-method> <!-- mobileLinkTest -->
        <test-method status="PASS" signature="tearDown()[pri:0, instance:com.Guru99.qa.tests.HomePageTest@31ef45e3]" name="tearDown" is-config="true" duration-ms="658" started-at="2018-02-23T17:10:37Z" finished-at="2018-02-23T17:10:37Z">
          <reporter-output>
          </reporter-output>
        </test-method> <!-- tearDown -->
      </class> <!-- com.Guru99.qa.tests.HomePageTest -->
      <class name="com.Guru99.qa.tests.MobilePageTest">
        <test-method status="PASS" signature="setUp()[pri:0, instance:com.Guru99.qa.tests.MobilePageTest@57fffcd7]" name="setUp" is-config="true" duration-ms="9794" started-at="2018-02-23T17:10:02Z" finished-at="2018-02-23T17:10:12Z">
          <reporter-output>
          </reporter-output>
        </test-method> <!-- setUp -->
        <test-method status="PASS" signature="verifyIphoneAddToCartTest()[pri:0, instance:com.Guru99.qa.tests.MobilePageTest@57fffcd7]" name="verifyIphoneAddToCartTest" duration-ms="4811" started-at="2018-02-23T17:10:12Z" finished-at="2018-02-23T17:10:17Z">
          <reporter-output>
          </reporter-output>
        </test-method> <!-- verifyIphoneAddToCartTest -->
        <test-method status="PASS" signature="tearDown()[pri:0, instance:com.Guru99.qa.tests.MobilePageTest@57fffcd7]" name="tearDown" is-config="true" duration-ms="697" started-at="2018-02-23T17:10:17Z" finished-at="2018-02-23T17:10:18Z">
          <reporter-output>
          </reporter-output>
        </test-method> <!-- tearDown -->
      </class> <!-- com.Guru99.qa.tests.MobilePageTest -->
    </test> <!-- Guru99 eCommerce Test Cases -->
  </suite> <!-- Guru99 eCommerce Application Test Automation Test Suite -->
</testng-results>
